<?xml version="1.0" encoding="UTF-8"?>
<testsuite xmlns:xsi="http://www.w3.org/2001/XMLSchema-instance" xsi:noNamespaceSchemaLocation="https://maven.apache.org/surefire/maven-surefire-plugin/xsd/surefire-test-report-3.0.xsd" version="3.0" name="BankAccountTest" time="0.326" tests="26" errors="0" skipped="0" failures="0">
  <properties>
    <property name="java.specification.version" value="17"/>
    <property name="sun.cpu.isalist" value="amd64"/>
    <property name="sun.jnu.encoding" value="Cp1252"/>
    <property name="java.class.path" value="C:\Users\Mario\workspace-Java\MyP-Workspace\practica1\target\test-classes;C:\Users\Mario\workspace-Java\MyP-Workspace\practica1\target\classes;C:\Users\Mario\.m2\repository\org\junit\jupiter\junit-jupiter\5.10.1\junit-jupiter-5.10.1.jar;C:\Users\Mario\.m2\repository\org\junit\jupiter\junit-jupiter-api\5.10.1\junit-jupiter-api-5.10.1.jar;C:\Users\Mario\.m2\repository\org\opentest4j\opentest4j\1.3.0\opentest4j-1.3.0.jar;C:\Users\Mario\.m2\repository\org\junit\platform\junit-platform-commons\1.10.1\junit-platform-commons-1.10.1.jar;C:\Users\Mario\.m2\repository\org\apiguardian\apiguardian-api\1.1.2\apiguardian-api-1.1.2.jar;C:\Users\Mario\.m2\repository\org\junit\jupiter\junit-jupiter-params\5.10.1\junit-jupiter-params-5.10.1.jar;C:\Users\Mario\.m2\repository\org\junit\jupiter\junit-jupiter-engine\5.10.1\junit-jupiter-engine-5.10.1.jar;C:\Users\Mario\.m2\repository\org\junit\platform\junit-platform-engine\1.10.1\junit-platform-engine-1.10.1.jar;C:\Users\Mario\.m2\repository\org\mockito\mockito-core\5.7.0\mockito-core-5.7.0.jar;C:\Users\Mario\.m2\repository\net\bytebuddy\byte-buddy\1.14.9\byte-buddy-1.14.9.jar;C:\Users\Mario\.m2\repository\net\bytebuddy\byte-buddy-agent\1.14.9\byte-buddy-agent-1.14.9.jar;C:\Users\Mario\.m2\repository\org\objenesis\objenesis\3.3\objenesis-3.3.jar;C:\Users\Mario\.m2\repository\org\mockito\mockito-junit-jupiter\5.7.0\mockito-junit-jupiter-5.7.0.jar;"/>
    <property name="java.vm.vendor" value="Oracle Corporation"/>
    <property name="sun.arch.data.model" value="64"/>
    <property name="user.variant" value=""/>
    <property name="java.vendor.url" value="https://java.oracle.com/"/>
    <property name="user.timezone" value="Europe/Madrid"/>
    <property name="os.name" value="Windows 11"/>
    <property name="java.vm.specification.version" value="17"/>
    <property name="sun.java.launcher" value="SUN_STANDARD"/>
    <property name="user.country" value="ES"/>
    <property name="sun.boot.library.path" value="C:\Program Files\Java\jdk-17\bin"/>
    <property name="sun.java.command" value="C:\Users\Mario\AppData\Local\Temp\surefire2389899415128255570\surefirebooter-20240307185348430_3.jar C:\Users\Mario\AppData\Local\Temp\surefire2389899415128255570 2024-03-07T18-53-47_981-jvmRun1 surefire-20240307185348430_1tmp surefire_0-20240307185348430_2tmp"/>
    <property name="jdk.debug" value="release"/>
    <property name="surefire.test.class.path" value="C:\Users\Mario\workspace-Java\MyP-Workspace\practica1\target\test-classes;C:\Users\Mario\workspace-Java\MyP-Workspace\practica1\target\classes;C:\Users\Mario\.m2\repository\org\junit\jupiter\junit-jupiter\5.10.1\junit-jupiter-5.10.1.jar;C:\Users\Mario\.m2\repository\org\junit\jupiter\junit-jupiter-api\5.10.1\junit-jupiter-api-5.10.1.jar;C:\Users\Mario\.m2\repository\org\opentest4j\opentest4j\1.3.0\opentest4j-1.3.0.jar;C:\Users\Mario\.m2\repository\org\junit\platform\junit-platform-commons\1.10.1\junit-platform-commons-1.10.1.jar;C:\Users\Mario\.m2\repository\org\apiguardian\apiguardian-api\1.1.2\apiguardian-api-1.1.2.jar;C:\Users\Mario\.m2\repository\org\junit\jupiter\junit-jupiter-params\5.10.1\junit-jupiter-params-5.10.1.jar;C:\Users\Mario\.m2\repository\org\junit\jupiter\junit-jupiter-engine\5.10.1\junit-jupiter-engine-5.10.1.jar;C:\Users\Mario\.m2\repository\org\junit\platform\junit-platform-engine\1.10.1\junit-platform-engine-1.10.1.jar;C:\Users\Mario\.m2\repository\org\mockito\mockito-core\5.7.0\mockito-core-5.7.0.jar;C:\Users\Mario\.m2\repository\net\bytebuddy\byte-buddy\1.14.9\byte-buddy-1.14.9.jar;C:\Users\Mario\.m2\repository\net\bytebuddy\byte-buddy-agent\1.14.9\byte-buddy-agent-1.14.9.jar;C:\Users\Mario\.m2\repository\org\objenesis\objenesis\3.3\objenesis-3.3.jar;C:\Users\Mario\.m2\repository\org\mockito\mockito-junit-jupiter\5.7.0\mockito-junit-jupiter-5.7.0.jar;"/>
    <property name="sun.cpu.endian" value="little"/>
    <property name="user.home" value="C:\Users\Mario"/>
    <property name="user.language" value="es"/>
    <property name="java.specification.vendor" value="Oracle Corporation"/>
    <property name="java.version.date" value="2024-01-16"/>
    <property name="java.home" value="C:\Program Files\Java\jdk-17"/>
    <property name="file.separator" value="\"/>
    <property name="basedir" value="C:\Users\Mario\workspace-Java\MyP-Workspace\practica1"/>
    <property name="java.vm.compressedOopsMode" value="32-bit"/>
    <property name="line.separator" value="&#10;"/>
    <property name="java.vm.specification.vendor" value="Oracle Corporation"/>
    <property name="java.specification.name" value="Java Platform API Specification"/>
    <property name="surefire.real.class.path" value="C:\Users\Mario\AppData\Local\Temp\surefire2389899415128255570\surefirebooter-20240307185348430_3.jar"/>
    <property name="user.script" value=""/>
    <property name="sun.management.compiler" value="HotSpot 64-Bit Tiered Compilers"/>
    <property name="java.runtime.version" value="17.0.10+11-LTS-240"/>
    <property name="user.name" value="Mario"/>
    <property name="path.separator" value=";"/>
    <property name="os.version" value="10.0"/>
    <property name="java.runtime.name" value="Java(TM) SE Runtime Environment"/>
    <property name="file.encoding" value="Cp1252"/>
    <property name="java.vm.name" value="Java HotSpot(TM) 64-Bit Server VM"/>
    <property name="localRepository" value="C:\Users\Mario\.m2\repository"/>
    <property name="java.vendor.url.bug" value="https://bugreport.java.com/bugreport/"/>
    <property name="java.io.tmpdir" value="C:\Users\Mario\AppData\Local\Temp\"/>
    <property name="java.version" value="17.0.10"/>
    <property name="user.dir" value="C:\Users\Mario\workspace-Java\MyP-Workspace\practica1"/>
    <property name="os.arch" value="amd64"/>
    <property name="java.vm.specification.name" value="Java Virtual Machine Specification"/>
    <property name="sun.os.patch.level" value=""/>
    <property name="native.encoding" value="Cp1252"/>
    <property name="java.library.path" value="C:\Program Files\Java\jdk-17\bin;C:\WINDOWS\Sun\Java\bin;C:\WINDOWS\system32;C:\WINDOWS;C:\Program Files\Common Files\Oracle\Java\javapath;C:\Python311\Scripts\;C:\Python311\;C:\Program Files\Eclipse Adoptium\jdk-17.0.7.7-hotspot\bin;C:\mingw64\bin;C:\Program Files (x86)\Common Files\Oracle\Java\javapath;C:\WINDOWS\system32;C:\WINDOWS;C:\WINDOWS\System32\Wbem;C:\WINDOWS\System32\WindowsPowerShell\v1.0\;C:\WINDOWS\System32\OpenSSH\;C:\Program Files\Git\cmd;C:\Program Files\dotnet\;C:\ProgramData\chocolatey\bin;C:\Program Files (x86)\Windows Kits\10\Windows Performance Toolkit\;C:\Program Files\Microsoft SQL Server\150\Tools\Binn\;C:\Program Files\Devart\EntityDeveloper\Console;C:\apache-maven-3.9.6\bin;C:\Program Files\nodejs\;C:\Program Files\MySQL\MySQL Shell 8.0\bin\;C:\Users\Mario\AppData\Local\Programs\Python\Python310\Scripts\;C:\Users\Mario\AppData\Local\Programs\Python\Python310\;C:\mingw64\bin;C:\Users\Mario\AppData\Roaming\local\bin;C:\Users\Mario\AppData\Local\Microsoft\WindowsApps;C:\Users\Mario\AppData\Local\Programs\Microsoft VS Code\bin;C:\ProgramData\Mario\GitHubDesktop\bin;C:\Users\Mario\AppData\Local\GitHubDesktop\bin;C:\Users\Mario\.dotnet\tools;C:\ghcup\bin;C:\Users\Mario\AppData\Local\Pandoc\;C:\Program Files\MiKTeX\miktex\bin\x64\;C:\Users\Mario\AppData\Local\Programs\MiKTeX\miktex\bin\x64\;C:\Program Files\Devart\EntityDeveloper\Console;C:\Program Files\JetBrains\IntelliJ IDEA 2023.3.4\bin;;C:\Users\Mario\AppData\Roaming\npm;."/>
    <property name="java.vm.info" value="mixed mode, sharing"/>
    <property name="java.vendor" value="Oracle Corporation"/>
    <property name="java.vm.version" value="17.0.10+11-LTS-240"/>
    <property name="sun.io.unicode.encoding" value="UnicodeLittle"/>
    <property name="java.class.version" value="61.0"/>
  </properties>
  <testcase name="InitialBalanceIsTheIndicatedInConstructor_Test" classname="BankAccountTest" time="0.105"/>
  <testcase name="ZeroMonthInPendingGivesOutputEqualsToAmount_Test" classname="BankAccountTest" time="0.011"/>
  <testcase name="NegativeNPaymentsPaymentIsNotPossible_Test" classname="BankAccountTest" time="0.0"/>
  <testcase name="ZeroAmountValueInPendingGivesZero_Test" classname="BankAccountTest" time="0.0"/>
  <testcase name="NormalPendingGivesCorrectOutput_Test" classname="BankAccountTest" time="0.0"/>
  <testcase name="BalanceAfterAZeroAmountDepositIsTheSame_Test" classname="BankAccountTest" time="0.0"/>
  <testcase name="ZeroNPaymentsPaymentIsNotPossible_Test" classname="BankAccountTest" time="0.0"/>
  <testcase name="NegativeMonthValueInPendingIsNotPossible_Test" classname="BankAccountTest" time="0.0"/>
  <testcase name="MoreThanAccountBalanceWithdrawIsNotPossible_Test" classname="BankAccountTest" time="0.0"/>
  <testcase name="NegativeAmountValueInPendingIsNotPossible_Test" classname="BankAccountTest" time="0.0"/>
  <testcase name="ZeroNPaymentValueInPendingIsNotPossible_Test" classname="BankAccountTest" time="0.0"/>
  <testcase name="ZeroInterestValueInPendingIsNotPossible_Test" classname="BankAccountTest" time="0.006"/>
  <testcase name="BalanceAfterAZeroAmountWithdrawIsCorrect_Test" classname="BankAccountTest" time="0.004"/>
  <testcase name="NegativeNPaymentValueInPendingIsNotPossible_Test" classname="BankAccountTest" time="0.0"/>
  <testcase name="NormalPaymentGivesCorrectOutput_Test" classname="BankAccountTest" time="0.0"/>
  <testcase name="NegativeInterestValueInPendingIsNotPossible_Test" classname="BankAccountTest" time="0.002"/>
  <testcase name="DepositNegativeValuesAreNotAccepted_Test" classname="BankAccountTest" time="0.006"/>
  <testcase name="NegativeAmountWithdrawIsNotPossible_Test" classname="BankAccountTest" time="0.0"/>
  <testcase name="MonthEqualsToNPaymentsInPendingGivesZero_Test" classname="BankAccountTest" time="0.002"/>
  <testcase name="MonthGreaterThanNPaymentsInPendingGivesZero_Test" classname="BankAccountTest" time="0.0"/>
  <testcase name="NegativeInterestPaymentIsNotPossible_Test" classname="BankAccountTest" time="0.0"/>
  <testcase name="BalanceAfterAWithdrawIsCorrect_Test" classname="BankAccountTest" time="0.0"/>
  <testcase name="ZeroInterestPaymentIsNotPossible_Test" classname="BankAccountTest" time="0.0"/>
  <testcase name="BalanceAfterACompleteBalanceWithdrawIsZero_Test" classname="BankAccountTest" time="0.0"/>
  <testcase name="NegativeTotalAmountPaymentIsNotPossible_Test" classname="BankAccountTest" time="0.0"/>
  <testcase name="BalanceAfterADepositIsCorrect_Test" classname="BankAccountTest" time="0.016"/>
</testsuite>